[debug] [2025-05-16T12:13:23.242Z] ----------------------------------------------------------------------
[debug] [2025-05-16T12:13:23.243Z] Command:       /Users/phuyalrn2/.nvm/versions/node/v20.16.0/bin/node /Users/phuyalrn2/.nvm/versions/node/v20.16.0/bin/firebase deploy
[debug] [2025-05-16T12:13:23.244Z] CLI Version:   13.31.2
[debug] [2025-05-16T12:13:23.244Z] Platform:      darwin
[debug] [2025-05-16T12:13:23.244Z] Node Version:  v20.16.0
[debug] [2025-05-16T12:13:23.244Z] Time:          Fri May 16 2025 17:58:23 GMT+0545 (Nepal Time)
[debug] [2025-05-16T12:13:23.244Z] ----------------------------------------------------------------------
[debug] 
[debug] [2025-05-16T12:13:23.331Z] > command requires scopes: ["email","openid","https://www.googleapis.com/auth/cloudplatformprojects.readonly","https://www.googleapis.com/auth/firebase","https://www.googleapis.com/auth/cloud-platform"]
[debug] [2025-05-16T12:13:23.331Z] > authorizing via signed-in user (phuyalrn2@gmail.com)
[debug] [2025-05-16T12:13:23.331Z] [iam] checking project prod for permissions ["firebase.projects.get","firebasehosting.sites.update"]
[debug] [2025-05-16T12:13:23.331Z] Checked if tokens are valid: true, expires at: 1747401141794
[debug] [2025-05-16T12:13:23.331Z] Checked if tokens are valid: true, expires at: 1747401141794
[debug] [2025-05-16T12:13:23.332Z] >>> [apiv2][query] POST https://cloudresourcemanager.googleapis.com/v1/projects/prod:testIamPermissions [none]
[debug] [2025-05-16T12:13:23.332Z] >>> [apiv2][(partial)header] POST https://cloudresourcemanager.googleapis.com/v1/projects/prod:testIamPermissions x-goog-quota-user=projects/prod
[debug] [2025-05-16T12:13:23.332Z] >>> [apiv2][body] POST https://cloudresourcemanager.googleapis.com/v1/projects/prod:testIamPermissions {"permissions":["firebase.projects.get","firebasehosting.sites.update"]}
[debug] [2025-05-16T12:13:25.059Z] <<< [apiv2][status] POST https://cloudresourcemanager.googleapis.com/v1/projects/prod:testIamPermissions 200
[debug] [2025-05-16T12:13:25.059Z] <<< [apiv2][body] POST https://cloudresourcemanager.googleapis.com/v1/projects/prod:testIamPermissions {}
[debug] [2025-05-16T12:13:25.059Z] [iam] error while checking permissions, command may fail: Authorization failed. This account is missing the following required permissions on project prod:

  firebase.projects.get
  firebasehosting.sites.update
[debug] [2025-05-16T12:13:25.060Z] Checked if tokens are valid: true, expires at: 1747401141794
[debug] [2025-05-16T12:13:25.060Z] Checked if tokens are valid: true, expires at: 1747401141794
[debug] [2025-05-16T12:13:25.060Z] >>> [apiv2][query] GET https://firebase.googleapis.com/v1beta1/projects/prod [none]
[debug] [2025-05-16T12:13:25.912Z] <<< [apiv2][status] GET https://firebase.googleapis.com/v1beta1/projects/prod 403
[debug] [2025-05-16T12:13:25.912Z] <<< [apiv2][body] GET https://firebase.googleapis.com/v1beta1/projects/prod {"error":{"code":403,"message":"The caller does not have permission","status":"PERMISSION_DENIED"}}
[debug] [2025-05-16T12:13:25.913Z] Request to https://firebase.googleapis.com/v1beta1/projects/prod had HTTP Error: 403, The caller does not have permission
[debug] [2025-05-16T12:13:26.099Z] FirebaseError: Request to https://firebase.googleapis.com/v1beta1/projects/prod had HTTP Error: 403, The caller does not have permission
    at responseToError (/Users/phuyalrn2/.nvm/versions/node/v20.16.0/lib/node_modules/firebase-tools/lib/responseToError.js:52:12)
    at RetryOperation._fn (/Users/phuyalrn2/.nvm/versions/node/v20.16.0/lib/node_modules/firebase-tools/lib/apiv2.js:312:77)
    at process.processTicksAndRejections (node:internal/process/task_queues:95:5)
[error] 
[error] Error: Failed to get Firebase project prod. Please make sure the project exists and your account has permission to access it.
